RedPacket/build/outputs/logs/manifest-merger-debug-report.txt
-- Merging decision tree log ---
manifest
ADDED from src/main/AndroidManifest.xml:1:1-137:12
INJECTED from src/main/AndroidManifest.xml:1:1-137:12
INJECTED from src/main/AndroidManifest.xml:1:1-137:12
INJECTED from src/main/AndroidManifest.xml:1:1-137:12
INJECTED from src/main/AndroidManifest.xml:1:1-137:12
INJECTED from src/main/AndroidManifest.xml:1:1-137:12
INJECTED from src/main/AndroidManifest.xml:1:1-137:12
	package
		ADDED from src/main/AndroidManifest.xml:2:11-38
		INJECTED from src/main/AndroidManifest.xml
		INJECTED from src/main/AndroidManifest.xml
	android:versionName
		INJECTED from src/main/AndroidManifest.xml
		ADDED from src/main/AndroidManifest.xml:1:1-137:12
		INJECTED from src/main/AndroidManifest.xml
	android:versionCode
		INJECTED from src/main/AndroidManifest.xml
		ADDED from src/main/AndroidManifest.xml:1:1-137:12
		INJECTED from src/main/AndroidManifest.xml
	xmlns:android
		ADDED from src/main/AndroidManifest.xml:1:11-69
application
ADDED from src/main/AndroidManifest.xml:14:5-135:19
activity#com.jrmf360.rylib.rp.ui.AddCardActivity
ADDED from src/main/AndroidManifest.xml:15:9-75
	android:name
		ADDED from src/main/AndroidManifest.xml:15:19-73
activity#com.jrmf360.rylib.rp.ui.AddCardFirsstActivity
ADDED from src/main/AndroidManifest.xml:16:9-18:51
	android:screenOrientation
		ADDED from src/main/AndroidManifest.xml:18:13-49
	android:name
		ADDED from src/main/AndroidManifest.xml:17:13-73
activity#com.jrmf360.rylib.rp.ui.AddCardSecondActivity
ADDED from src/main/AndroidManifest.xml:19:9-81
	android:name
		ADDED from src/main/AndroidManifest.xml:19:19-79
activity#com.jrmf360.rylib.rp.ui.BankCardListActivity
ADDED from src/main/AndroidManifest.xml:20:9-80
	android:name
		ADDED from src/main/AndroidManifest.xml:20:19-78
activity#com.jrmf360.rylib.rp.ui.EnBrowserActivity
ADDED from src/main/AndroidManifest.xml:21:9-22:71
	android:name
		ADDED from src/main/AndroidManifest.xml:22:13-69
activity#com.jrmf360.rylib.rp.ui.PayTypeActivity
ADDED from src/main/AndroidManifest.xml:23:9-26:57
	android:windowSoftInputMode
		ADDED from src/main/AndroidManifest.xml:26:13-55
	android:theme
		ADDED from src/main/AndroidManifest.xml:25:13-47
	android:name
		ADDED from src/main/AndroidManifest.xml:24:13-67
activity#com.jrmf360.rylib.rp.ui.RealNameActivity
ADDED from src/main/AndroidManifest.xml:27:9-29:51
	android:screenOrientation
		ADDED from src/main/AndroidManifest.xml:29:13-49
	android:name
		ADDED from src/main/AndroidManifest.xml:28:13-68
activity#com.jrmf360.rylib.rp.ui.ResetPswdActivity
ADDED from src/main/AndroidManifest.xml:30:9-32:51
	android:screenOrientation
		ADDED from src/main/AndroidManifest.xml:32:13-49
	android:name
		ADDED from src/main/AndroidManifest.xml:31:13-69
activity#com.jrmf360.rylib.rp.ui.SendGroupEnvelopesActivity
ADDED from src/main/AndroidManifest.xml:33:9-35:51
	android:screenOrientation
		ADDED from src/main/AndroidManifest.xml:35:13-49
	android:name
		ADDED from src/main/AndroidManifest.xml:34:13-78
activity#com.jrmf360.rylib.rp.ui.SendSingleEnvelopesActivity
ADDED from src/main/AndroidManifest.xml:36:9-38:51
	android:screenOrientation
		ADDED from src/main/AndroidManifest.xml:38:13-49
	android:name
		ADDED from src/main/AndroidManifest.xml:37:13-79
activity#com.jrmf360.rylib.rp.ui.SettingPswdActivity
ADDED from src/main/AndroidManifest.xml:39:9-41:51
	android:screenOrientation
		ADDED from src/main/AndroidManifest.xml:41:13-49
	android:name
		ADDED from src/main/AndroidManifest.xml:40:13-71
activity#com.jrmf360.rylib.rp.ui.RpDetailActivity
ADDED from src/main/AndroidManifest.xml:42:9-44:51
	android:screenOrientation
		ADDED from src/main/AndroidManifest.xml:44:13-49
	android:name
		ADDED from src/main/AndroidManifest.xml:43:13-68
activity#com.jrmf360.rylib.rp.ui.MyRpActivity
ADDED from src/main/AndroidManifest.xml:45:9-47:51
	android:screenOrientation
		ADDED from src/main/AndroidManifest.xml:47:13-49
	android:name
		ADDED from src/main/AndroidManifest.xml:46:13-64
activity#com.jrmf360.rylib.rp.ui.FindPwdByInfoActivity
ADDED from src/main/AndroidManifest.xml:48:9-50:51
	android:screenOrientation
		ADDED from src/main/AndroidManifest.xml:50:13-49
	android:name
		ADDED from src/main/AndroidManifest.xml:49:13-73
activity#com.jrmf360.rylib.wallet.ui.MyWalletActivity
ADDED from src/main/AndroidManifest.xml:53:9-56:46
	android:screenOrientation
		ADDED from src/main/AndroidManifest.xml:55:13-49
	android:launchMode
		ADDED from src/main/AndroidManifest.xml:56:13-44
	android:name
		ADDED from src/main/AndroidManifest.xml:54:13-72
activity#com.jrmf360.rylib.wallet.ui.AccountInfoActivity
ADDED from src/main/AndroidManifest.xml:57:9-59:51
	android:screenOrientation
		ADDED from src/main/AndroidManifest.xml:59:13-49
	android:name
		ADDED from src/main/AndroidManifest.xml:58:13-75
activity#com.jrmf360.rylib.wallet.ui.TradeHistoryActivity
ADDED from src/main/AndroidManifest.xml:60:9-62:51
	android:screenOrientation
		ADDED from src/main/AndroidManifest.xml:62:13-49
	android:name
		ADDED from src/main/AndroidManifest.xml:61:13-76
activity#com.jrmf360.rylib.wallet.ui.SecureSettingActivity
ADDED from src/main/AndroidManifest.xml:63:9-65:51
	android:screenOrientation
		ADDED from src/main/AndroidManifest.xml:65:13-49
	android:name
		ADDED from src/main/AndroidManifest.xml:64:13-77
activity#com.jrmf360.rylib.wallet.ui.SetPayPwdActivity
ADDED from src/main/AndroidManifest.xml:66:9-68:51
	android:screenOrientation
		ADDED from src/main/AndroidManifest.xml:68:13-49
	android:name
		ADDED from src/main/AndroidManifest.xml:67:13-73
activity#com.jrmf360.rylib.wallet.ui.IdentityAuthenActivity
ADDED from src/main/AndroidManifest.xml:69:9-71:51
	android:screenOrientation
		ADDED from src/main/AndroidManifest.xml:71:13-49
	android:name
		ADDED from src/main/AndroidManifest.xml:70:13-78
activity#com.jrmf360.rylib.wallet.ui.UpdatePwdActivity
ADDED from src/main/AndroidManifest.xml:72:9-74:51
	android:screenOrientation
		ADDED from src/main/AndroidManifest.xml:74:13-49
	android:name
		ADDED from src/main/AndroidManifest.xml:73:13-73
activity#com.jrmf360.rylib.wallet.ui.GetPwdActivity
ADDED from src/main/AndroidManifest.xml:75:9-77:51
	android:screenOrientation
		ADDED from src/main/AndroidManifest.xml:77:13-49
	android:name
		ADDED from src/main/AndroidManifest.xml:76:13-70
activity#com.jrmf360.rylib.wallet.ui.SupportBankCardActivity
ADDED from src/main/AndroidManifest.xml:78:9-80:51
	android:screenOrientation
		ADDED from src/main/AndroidManifest.xml:80:13-49
	android:name
		ADDED from src/main/AndroidManifest.xml:79:13-79
activity#com.jrmf360.rylib.wallet.ui.BankSettingActivity
ADDED from src/main/AndroidManifest.xml:81:9-83:51
	android:screenOrientation
		ADDED from src/main/AndroidManifest.xml:83:13-49
	android:name
		ADDED from src/main/AndroidManifest.xml:82:13-75
activity#com.jrmf360.rylib.wallet.ui.AddCardSecondActivity
ADDED from src/main/AndroidManifest.xml:84:9-86:51
	android:screenOrientation
		ADDED from src/main/AndroidManifest.xml:86:13-49
	android:name
		ADDED from src/main/AndroidManifest.xml:85:13-77
activity#com.jrmf360.rylib.wallet.ui.AddCardFirstActivity
ADDED from src/main/AndroidManifest.xml:87:9-89:51
	android:screenOrientation
		ADDED from src/main/AndroidManifest.xml:89:13-49
	android:name
		ADDED from src/main/AndroidManifest.xml:88:13-76
activity#com.jrmf360.rylib.wallet.ui.RechargeActivity
ADDED from src/main/AndroidManifest.xml:90:9-92:51
	android:screenOrientation
		ADDED from src/main/AndroidManifest.xml:92:13-49
	android:name
		ADDED from src/main/AndroidManifest.xml:91:13-72
activity#com.jrmf360.rylib.wallet.ui.GetDepositActivity
ADDED from src/main/AndroidManifest.xml:94:9-97:69
	android:screenOrientation
		ADDED from src/main/AndroidManifest.xml:96:13-49
	android:windowSoftInputMode
		ADDED from src/main/AndroidManifest.xml:97:13-67
	android:name
		ADDED from src/main/AndroidManifest.xml:95:13-74
activity#com.jrmf360.rylib.wallet.ui.PwdCheckActivity
ADDED from src/main/AndroidManifest.xml:98:9-100:51
	android:screenOrientation
		ADDED from src/main/AndroidManifest.xml:100:13-49
	android:name
		ADDED from src/main/AndroidManifest.xml:99:13-72
activity#com.jrmf360.rylib.wallet.ui.MyRpActivity
ADDED from src/main/AndroidManifest.xml:101:9-103:51
	android:screenOrientation
		ADDED from src/main/AndroidManifest.xml:103:13-49
	android:name
		ADDED from src/main/AndroidManifest.xml:102:13-68
activity#com.jrmf360.rylib.wallet.ui.SelectSubBankActivity
ADDED from src/main/AndroidManifest.xml:104:9-106:51
	android:screenOrientation
		ADDED from src/main/AndroidManifest.xml:106:13-49
	android:name
		ADDED from src/main/AndroidManifest.xml:105:13-77
activity#com.jrmf360.rylib.wallet.ui.WebViewActivity
ADDED from src/main/AndroidManifest.xml:107:9-109:51
	android:screenOrientation
		ADDED from src/main/AndroidManifest.xml:109:13-49
	android:name
		ADDED from src/main/AndroidManifest.xml:108:13-71
activity#com.jrmf360.rylib.wallet.ui.TradeDetailActivity
ADDED from src/main/AndroidManifest.xml:110:9-112:51
	android:screenOrientation
		ADDED from src/main/AndroidManifest.xml:112:13-49
	android:name
		ADDED from src/main/AndroidManifest.xml:111:13-75
activity#com.alipay.sdk.app.H5PayActivity
ADDED from src/main/AndroidManifest.xml:118:9-125:20
	android:screenOrientation
		ADDED from src/main/AndroidManifest.xml:122:13-47
	android:windowSoftInputMode
		ADDED from src/main/AndroidManifest.xml:123:13-67
	android:exported
		ADDED from src/main/AndroidManifest.xml:121:13-37
	android:configChanges
		ADDED from src/main/AndroidManifest.xml:120:13-85
	android:name
		ADDED from src/main/AndroidManifest.xml:119:13-60
activity#com.alipay.sdk.auth.AuthActivity
ADDED from src/main/AndroidManifest.xml:126:9-132:20
	android:screenOrientation
		ADDED from src/main/AndroidManifest.xml:130:13-47
	android:exported
		ADDED from src/main/AndroidManifest.xml:129:13-37
	android:configChanges
		ADDED from src/main/AndroidManifest.xml:128:13-74
	android:name
		ADDED from src/main/AndroidManifest.xml:127:13-60
uses-sdk
INJECTED from src/main/AndroidManifest.xml reason: use-sdk injection requested
INJECTED from src/main/AndroidManifest.xml
INJECTED from src/main/AndroidManifest.xml
INJECTED from src/main/AndroidManifest.xml
INJECTED from src/main/AndroidManifest.xml
	android:targetSdkVersion
		INJECTED from src/main/AndroidManifest.xml
		ADDED from src/main/AndroidManifest.xml
		INJECTED from src/main/AndroidManifest.xml
	android:minSdkVersion
		INJECTED from src/main/AndroidManifest.xml
		ADDED from src/main/AndroidManifest.xml
		INJECTED from src/main/AndroidManifest.xml